# JRE version: Java(TM) SE Runtime Environment (8.0_91-b15) (build 1.8.0_91-b15)
# Java VM: Java HotSpot(TM) 64-Bit Server VM (25.91-b15 mixed mode windows-amd64 compressed oops)
Heap:
 PSYoungGen      total 693248K, used 491744K [0x000000076ab00000, 0x00000007a9e80000, 0x00000007c0000000)
  eden space 413696K, 51% used [0x000000076ab00000,0x0000000777a38200,0x0000000783f00000)
  from space 279552K, 99% used [0x0000000783f00000,0x0000000794ffff58,0x0000000795000000)
  to   space 281600K, 0% used [0x0000000798b80000,0x0000000798b80000,0x00000007a9e80000)
 ParOldGen       total 875008K, used 638645K [0x00000006c0000000, 0x00000006f5680000, 0x000000076ab00000)
  object space 875008K, 72% used [0x00000006c0000000,0x00000006e6fad660,0x00000006f5680000)
 Metaspace       used 6787K, capacity 7384K, committed 7680K, reserved 1056768K
  class space    used 635K, capacity 656K, committed 768K, reserved 1048576K
GC Heap History (10 events):
Event: 56.246 GC heap before
{Heap before GC invocations=27 (full 6):
 PSYoungGen      total 558592K, used 475637K [0x000000076ab00000, 0x00000007a6100000, 0x00000007c0000000)
  eden space 374784K, 100% used [0x000000076ab00000,0x0000000781900000,0x0000000781900000)
  from space 183808K, 54% used [0x0000000791700000,0x000000079797d408,0x000000079ca80000)
  to   space 260096K, 0% used [0x0000000781900000,0x0000000781900000,0x0000000791700000)
 ParOldGen       total 875008K, used 606301K [0x00000006c0000000, 0x00000006f5680000, 0x000000076ab00000)
  object space 875008K, 69% used [0x00000006c0000000,0x00000006e50175a0,0x00000006f5680000)
 Metaspace       used 6680K, capacity 7320K, committed 7680K, reserved 1056768K
  class space    used 629K, capacity 656K, committed 768K, reserved 1048576K
Event: 56.741 GC heap after
Heap after GC invocations=27 (full 6):
 PSYoungGen      total 634880K, used 178997K [0x000000076ab00000, 0x00000007a5d00000, 0x00000007c0000000)
  eden space 374784K, 0% used [0x000000076ab00000,0x000000076ab00000,0x0000000781900000)
  from space 260096K, 68% used [0x0000000781900000,0x000000078c7cd4a8,0x0000000791700000)
  to   space 275456K, 0% used [0x0000000795000000,0x0000000795000000,0x00000007a5d00000)
 ParOldGen       total 875008K, used 632588K [0x00000006c0000000, 0x00000006f5680000, 0x000000076ab00000)
  object space 875008K, 72% used [0x00000006c0000000,0x00000006e69c3118,0x00000006f5680000)
 Metaspace       used 6680K, capacity 7320K, committed 7680K, reserved 1056768K
  class space    used 629K, capacity 656K, committed 768K, reserved 1048576K
}
Event: 57.669 GC heap before
{Heap before GC invocations=28 (full 6):
 PSYoungGen      total 634880K, used 553781K [0x000000076ab00000, 0x00000007a5d00000, 0x00000007c0000000)
  eden space 374784K, 100% used [0x000000076ab00000,0x0000000781900000,0x0000000781900000)
  from space 260096K, 68% used [0x0000000781900000,0x000000078c7cd4a8,0x0000000791700000)
  to   space 275456K, 0% used [0x0000000795000000,0x0000000795000000,0x00000007a5d00000)
 ParOldGen       total 875008K, used 632588K [0x00000006c0000000, 0x00000006f5680000, 0x000000076ab00000)
  object space 875008K, 72% used [0x00000006c0000000,0x00000006e69c3118,0x00000006f5680000)
 Metaspace       used 6680K, capacity 7320K, committed 7680K, reserved 1056768K
  class space    used 629K, capacity 656K, committed 768K, reserved 1048576K
Event: 57.909 GC heap after
Heap after GC invocations=28 (full 6):
 PSYoungGen      total 689152K, used 159268K [0x000000076ab00000, 0x00000007a6c00000, 0x00000007c0000000)
  eden space 413696K, 0% used [0x000000076ab00000,0x000000076ab00000,0x0000000783f00000)
  from space 275456K, 57% used [0x0000000795000000,0x000000079eb89100,0x00000007a5d00000)
  to   space 279552K, 0% used [0x0000000783f00000,0x0000000783f00000,0x0000000795000000)
 ParOldGen       total 875008K, used 632588K [0x00000006c0000000, 0x00000006f5680000, 0x000000076ab00000)
  object space 875008K, 72% used [0x00000006c0000000,0x00000006e69c3118,0x00000006f5680000)
 Metaspace       used 6680K, capacity 7320K, committed 7680K, reserved 1056768K
  class space    used 629K, capacity 656K, committed 768K, reserved 1048576K
}
Event: 59.591 GC heap before
{Heap before GC invocations=29 (full 6):
 PSYoungGen      total 689152K, used 572964K [0x000000076ab00000, 0x00000007a6c00000, 0x00000007c0000000)
  eden space 413696K, 100% used [0x000000076ab00000,0x0000000783f00000,0x0000000783f00000)
  from space 275456K, 57% used [0x0000000795000000,0x000000079eb89100,0x00000007a5d00000)
  to   space 279552K, 0% used [0x0000000783f00000,0x0000000783f00000,0x0000000795000000)
 ParOldGen       total 875008K, used 632588K [0x00000006c0000000, 0x00000006f5680000, 0x000000076ab00000)
  object space 875008K, 72% used [0x00000006c0000000,0x00000006e69c3118,0x00000006f5680000)
 Metaspace       used 6680K, capacity 7320K, committed 7680K, reserved 1056768K
  class space    used 629K, capacity 656K, committed 768K, reserved 1048576K
Event: 59.941 GC heap after
Heap after GC invocations=29 (full 6):
 PSYoungGen      total 693248K, used 160352K [0x000000076ab00000, 0x00000007a9e80000, 0x00000007c0000000)
  eden space 413696K, 0% used [0x000000076ab00000,0x000000076ab00000,0x0000000783f00000)
  from space 279552K, 57% used [0x0000000783f00000,0x000000078db980f8,0x0000000795000000)
  to   space 281600K, 0% used [0x0000000798b80000,0x0000000798b80000,0x00000007a9e80000)
 ParOldGen       total 875008K, used 632588K [0x00000006c0000000, 0x00000006f5680000, 0x000000076ab00000)
  object space 875008K, 72% used [0x00000006c0000000,0x00000006e69c3118,0x00000006f5680000)
 Metaspace       used 6680K, capacity 7320K, committed 7680K, reserved 1056768K
  class space    used 629K, capacity 656K, committed 768K, reserved 1048576K
}
Event: 64.210 GC heap before
{Heap before GC invocations=30 (full 6):
 PSYoungGen      total 693248K, used 574048K [0x000000076ab00000, 0x00000007a9e80000, 0x00000007c0000000)
  eden space 413696K, 100% used [0x000000076ab00000,0x0000000783f00000,0x0000000783f00000)
  from space 279552K, 57% used [0x0000000783f00000,0x000000078db980f8,0x0000000795000000)
  to   space 281600K, 0% used [0x0000000798b80000,0x0000000798b80000,0x00000007a9e80000)
 ParOldGen       total 875008K, used 632588K [0x00000006c0000000, 0x00000006f5680000, 0x000000076ab00000)
  object space 875008K, 72% used [0x00000006c0000000,0x00000006e69c3118,0x00000006f5680000)
 Metaspace       used 6681K, capacity 7320K, committed 7680K, reserved 1056768K
  class space    used 629K, capacity 656K, committed 768K, reserved 1048576K
Event: 64.525 GC heap after
Heap after GC invocations=30 (full 6):
 PSYoungGen      total 695296K, used 218473K [0x000000076ab00000, 0x00000007a9e80000, 0x00000007c0000000)
  eden space 413696K, 0% used [0x000000076ab00000,0x000000076ab00000,0x0000000783f00000)
  from space 281600K, 77% used [0x0000000798b80000,0x00000007a60da798,0x00000007a9e80000)
  to   space 279552K, 0% used [0x0000000783f00000,0x0000000783f00000,0x0000000795000000)
 ParOldGen       total 875008K, used 632588K [0x00000006c0000000, 0x00000006f5680000, 0x000000076ab00000)
  object space 875008K, 72% used [0x00000006c0000000,0x00000006e69c3118,0x00000006f5680000)
 Metaspace       used 6681K, capacity 7320K, committed 7680K, reserved 1056768K
  class space    used 629K, capacity 656K, committed 768K, reserved 1048576K
}
Event: 69.897 GC heap before
{Heap before GC invocations=31 (full 6):
 PSYoungGen      total 695296K, used 632169K [0x000000076ab00000, 0x00000007a9e80000, 0x00000007c0000000)
  eden space 413696K, 100% used [0x000000076ab00000,0x0000000783f00000,0x0000000783f00000)
  from space 281600K, 77% used [0x0000000798b80000,0x00000007a60da798,0x00000007a9e80000)
  to   space 279552K, 0% used [0x0000000783f00000,0x0000000783f00000,0x0000000795000000)
 ParOldGen       total 875008K, used 632588K [0x00000006c0000000, 0x00000006f5680000, 0x000000076ab00000)
  object space 875008K, 72% used [0x00000006c0000000,0x00000006e69c3118,0x00000006f5680000)
 Metaspace       used 6686K, capacity 7320K, committed 7680K, reserved 1056768K
  class space    used 630K, capacity 656K, committed 768K, reserved 1048576K
Event: 70.354 GC heap after
Heap after GC invocations=31 (full 6):
 PSYoungGen      total 693248K, used 279551K [0x000000076ab00000, 0x00000007a9e80000, 0x00000007c0000000)
  eden space 413696K, 0% used [0x000000076ab00000,0x000000076ab00000,0x0000000783f00000)
  from space 279552K, 99% used [0x0000000783f00000,0x0000000794ffff58,0x0000000795000000)
  to   space 281600K, 0% used [0x0000000798b80000,0x0000000798b80000,0x00000007a9e80000)
 ParOldGen       total 875008K, used 638645K [0x00000006c0000000, 0x00000006f5680000, 0x000000076ab00000)
  object space 875008K, 72% used [0x00000006c0000000,0x00000006e6fad660,0x00000006f5680000)
 Metaspace       used 6686K, capacity 7320K, committed 7680K, reserved 1056768K
  class space    used 630K, capacity 656K, committed 768K, reserved 1048576K
}

