# JRE version: Java(TM) SE Runtime Environment (8.0_91-b15) (build 1.8.0_91-b15)
# Java VM: Java HotSpot(TM) 64-Bit Server VM (25.91-b15 mixed mode windows-amd64 compressed oops)
Heap:
 PSYoungGen      total 73728K, used 58509K [0x000000076ab00000, 0x000000076fd00000, 0x00000007c0000000)
  eden space 65024K, 89% used [0x000000076ab00000,0x000000076e4237d0,0x000000076ea80000)
  from space 8704K, 0% used [0x000000076f380000,0x000000076f380000,0x000000076fc00000)
  to   space 9216K, 0% used [0x000000076ea80000,0x000000076ea80000,0x000000076f380000)
 ParOldGen       total 44032K, used 38890K [0x00000006c0000000, 0x00000006c2b00000, 0x000000076ab00000)
  object space 44032K, 88% used [0x00000006c0000000,0x00000006c25fab98,0x00000006c2b00000)
 Metaspace       used 6432K, capacity 7218K, committed 7296K, reserved 1056768K
  class space    used 602K, capacity 618K, committed 640K, reserved 1048576K
GC Heap History (10 events):
Event: 6.896 GC heap before
{Heap before GC invocations=5 (full 0):
 PSYoungGen      total 35328K, used 35296K [0x000000076ab00000, 0x000000076d000000, 0x00000007c0000000)
  eden space 32768K, 100% used [0x000000076ab00000,0x000000076cb00000,0x000000076cb00000)
  from space 2560K, 98% used [0x000000076cd80000,0x000000076cff8018,0x000000076d000000)
  to   space 2560K, 0% used [0x000000076cb00000,0x000000076cb00000,0x000000076cd80000)
 ParOldGen       total 44032K, used 9365K [0x00000006c0000000, 0x00000006c2b00000, 0x000000076ab00000)
  object space 44032K, 21% used [0x00000006c0000000,0x00000006c09257b8,0x00000006c2b00000)
 Metaspace       used 6282K, capacity 7090K, committed 7296K, reserved 1056768K
  class space    used 601K, capacity 618K, committed 640K, reserved 1048576K
Event: 7.110 GC heap after
Heap after GC invocations=5 (full 0):
 PSYoungGen      total 35328K, used 2528K [0x000000076ab00000, 0x000000076fc00000, 0x00000007c0000000)
  eden space 32768K, 0% used [0x000000076ab00000,0x000000076ab00000,0x000000076cb00000)
  from space 2560K, 98% used [0x000000076cb00000,0x000000076cd78018,0x000000076cd80000)
  to   space 8704K, 0% used [0x000000076f380000,0x000000076f380000,0x000000076fc00000)
 ParOldGen       total 44032K, used 15415K [0x00000006c0000000, 0x00000006c2b00000, 0x000000076ab00000)
  object space 44032K, 35% used [0x00000006c0000000,0x00000006c0f0dd28,0x00000006c2b00000)
 Metaspace       used 6282K, capacity 7090K, committed 7296K, reserved 1056768K
  class space    used 601K, capacity 618K, committed 640K, reserved 1048576K
}
Event: 8.238 GC heap before
{Heap before GC invocations=6 (full 0):
 PSYoungGen      total 35328K, used 35296K [0x000000076ab00000, 0x000000076fc00000, 0x00000007c0000000)
  eden space 32768K, 100% used [0x000000076ab00000,0x000000076cb00000,0x000000076cb00000)
  from space 2560K, 98% used [0x000000076cb00000,0x000000076cd78018,0x000000076cd80000)
  to   space 8704K, 0% used [0x000000076f380000,0x000000076f380000,0x000000076fc00000)
 ParOldGen       total 44032K, used 15415K [0x00000006c0000000, 0x00000006c2b00000, 0x000000076ab00000)
  object space 44032K, 35% used [0x00000006c0000000,0x00000006c0f0dd28,0x00000006c2b00000)
 Metaspace       used 6326K, capacity 7090K, committed 7296K, reserved 1056768K
  class space    used 601K, capacity 618K, committed 640K, reserved 1048576K
Event: 8.301 GC heap after
Heap after GC invocations=6 (full 0):
 PSYoungGen      total 73728K, used 7808K [0x000000076ab00000, 0x000000076fd00000, 0x00000007c0000000)
  eden space 65024K, 0% used [0x000000076ab00000,0x000000076ab00000,0x000000076ea80000)
  from space 8704K, 89% used [0x000000076f380000,0x000000076fb20018,0x000000076fc00000)
  to   space 9216K, 0% used [0x000000076ea80000,0x000000076ea80000,0x000000076f380000)
 ParOldGen       total 44032K, used 15415K [0x00000006c0000000, 0x00000006c2b00000, 0x000000076ab00000)
  object space 44032K, 35% used [0x00000006c0000000,0x00000006c0f0dd28,0x00000006c2b00000)
 Metaspace       used 6326K, capacity 7090K, committed 7296K, reserved 1056768K
  class space    used 601K, capacity 618K, committed 640K, reserved 1048576K
}
Event: 10.446 GC heap before
{Heap before GC invocations=7 (full 0):
 PSYoungGen      total 73728K, used 72832K [0x000000076ab00000, 0x000000076fd00000, 0x00000007c0000000)
  eden space 65024K, 100% used [0x000000076ab00000,0x000000076ea80000,0x000000076ea80000)
  from space 8704K, 89% used [0x000000076f380000,0x000000076fb20018,0x000000076fc00000)
  to   space 9216K, 0% used [0x000000076ea80000,0x000000076ea80000,0x000000076f380000)
 ParOldGen       total 44032K, used 15415K [0x00000006c0000000, 0x00000006c2b00000, 0x000000076ab00000)
  object space 44032K, 35% used [0x00000006c0000000,0x00000006c0f0dd28,0x00000006c2b00000)
 Metaspace       used 6405K, capacity 7154K, committed 7296K, reserved 1056768K
  class space    used 602K, capacity 618K, committed 640K, reserved 1048576K
Event: 10.565 GC heap after
Heap after GC invocations=7 (full 0):
 PSYoungGen      total 74240K, used 9197K [0x000000076ab00000, 0x000000076fd00000, 0x00000007c0000000)
  eden space 65024K, 0% used [0x000000076ab00000,0x000000076ab00000,0x000000076ea80000)
  from space 9216K, 99% used [0x000000076ea80000,0x000000076f37b408,0x000000076f380000)
  to   space 8704K, 0% used [0x000000076f380000,0x000000076f380000,0x000000076fc00000)
 ParOldGen       total 44032K, used 24688K [0x00000006c0000000, 0x00000006c2b00000, 0x000000076ab00000)
  object space 44032K, 56% used [0x00000006c0000000,0x00000006c181c198,0x00000006c2b00000)
 Metaspace       used 6405K, capacity 7154K, committed 7296K, reserved 1056768K
  class space    used 602K, capacity 618K, committed 640K, reserved 1048576K
}
Event: 11.753 GC heap before
{Heap before GC invocations=8 (full 0):
 PSYoungGen      total 74240K, used 74221K [0x000000076ab00000, 0x000000076fd00000, 0x00000007c0000000)
  eden space 65024K, 100% used [0x000000076ab00000,0x000000076ea80000,0x000000076ea80000)
  from space 9216K, 99% used [0x000000076ea80000,0x000000076f37b408,0x000000076f380000)
  to   space 8704K, 0% used [0x000000076f380000,0x000000076f380000,0x000000076fc00000)
 ParOldGen       total 44032K, used 24688K [0x00000006c0000000, 0x00000006c2b00000, 0x000000076ab00000)
  object space 44032K, 56% used [0x00000006c0000000,0x00000006c181c198,0x00000006c2b00000)
 Metaspace       used 6421K, capacity 7154K, committed 7296K, reserved 1056768K
  class space    used 602K, capacity 618K, committed 640K, reserved 1048576K
Event: 11.841 GC heap after
Heap after GC invocations=8 (full 0):
 PSYoungGen      total 73728K, used 8695K [0x000000076ab00000, 0x000000076fd00000, 0x00000007c0000000)
  eden space 65024K, 0% used [0x000000076ab00000,0x000000076ab00000,0x000000076ea80000)
  from space 8704K, 99% used [0x000000076f380000,0x000000076fbfdd10,0x000000076fc00000)
  to   space 9216K, 0% used [0x000000076ea80000,0x000000076ea80000,0x000000076f380000)
 ParOldGen       total 44032K, used 35507K [0x00000006c0000000, 0x00000006c2b00000, 0x000000076ab00000)
  object space 44032K, 80% used [0x00000006c0000000,0x00000006c22acd40,0x00000006c2b00000)
 Metaspace       used 6421K, capacity 7154K, committed 7296K, reserved 1056768K
  class space    used 602K, capacity 618K, committed 640K, reserved 1048576K
}
Event: 11.841 GC heap before
{Heap before GC invocations=9 (full 1):
 PSYoungGen      total 73728K, used 8695K [0x000000076ab00000, 0x000000076fd00000, 0x00000007c0000000)
  eden space 65024K, 0% used [0x000000076ab00000,0x000000076ab00000,0x000000076ea80000)
  from space 8704K, 99% used [0x000000076f380000,0x000000076fbfdd10,0x000000076fc00000)
  to   space 9216K, 0% used [0x000000076ea80000,0x000000076ea80000,0x000000076f380000)
 ParOldGen       total 44032K, used 35507K [0x00000006c0000000, 0x00000006c2b00000, 0x000000076ab00000)
  object space 44032K, 80% used [0x00000006c0000000,0x00000006c22acd40,0x00000006c2b00000)
 Metaspace       used 6421K, capacity 7154K, committed 7296K, reserved 1056768K
  class space    used 602K, capacity 618K, committed 640K, reserved 1048576K
Event: 16.319 GC heap after
Heap after GC invocations=9 (full 1):
 PSYoungGen      total 73728K, used 0K [0x000000076ab00000, 0x000000076fd00000, 0x00000007c0000000)
  eden space 65024K, 0% used [0x000000076ab00000,0x000000076ab00000,0x000000076ea80000)
  from space 8704K, 0% used [0x000000076f380000,0x000000076f380000,0x000000076fc00000)
  to   space 9216K, 0% used [0x000000076ea80000,0x000000076ea80000,0x000000076f380000)
 ParOldGen       total 44032K, used 38890K [0x00000006c0000000, 0x00000006c2b00000, 0x000000076ab00000)
  object space 44032K, 88% used [0x00000006c0000000,0x00000006c25fab98,0x00000006c2b00000)
 Metaspace       used 6421K, capacity 7154K, committed 7296K, reserved 1056768K
  class space    used 602K, capacity 618K, committed 640K, reserved 1048576K
}

