# JRE version: Java(TM) SE Runtime Environment (8.0_91-b15) (build 1.8.0_91-b15)
# Java VM: Java HotSpot(TM) 64-Bit Server VM (25.91-b15 mixed mode windows-amd64 compressed oops)
Heap:
 PSYoungGen      total 530432K, used 249113K [0x000000076ab00000, 0x0000000797380000, 0x00000007c0000000)
  eden space 384512K, 64% used [0x000000076ab00000,0x0000000779e467c0,0x0000000782280000)
  from space 145920K, 0% used [0x0000000782280000,0x0000000782280000,0x000000078b100000)
  to   space 153088K, 0% used [0x000000078de00000,0x000000078de00000,0x0000000797380000)
 ParOldGen       total 704000K, used 703531K [0x00000006c0000000, 0x00000006eaf80000, 0x000000076ab00000)
  object space 704000K, 99% used [0x00000006c0000000,0x00000006eaf0ac50,0x00000006eaf80000)
 Metaspace       used 6806K, capacity 7384K, committed 7680K, reserved 1056768K
  class space    used 634K, capacity 656K, committed 768K, reserved 1048576K
GC Heap History (10 events):
Event: 77.728 GC heap before
{Heap before GC invocations=30 (full 7):
 PSYoungGen      total 530432K, used 145888K [0x000000076ab00000, 0x0000000797380000, 0x00000007c0000000)
  eden space 384512K, 0% used [0x000000076ab00000,0x000000076ab00000,0x0000000782280000)
  from space 145920K, 99% used [0x0000000782280000,0x000000078b0f8280,0x000000078b100000)
  to   space 153088K, 0% used [0x000000078de00000,0x000000078de00000,0x0000000797380000)
 ParOldGen       total 704000K, used 699573K [0x00000006c0000000, 0x00000006eaf80000, 0x000000076ab00000)
  object space 704000K, 99% used [0x00000006c0000000,0x00000006eab2d770,0x00000006eaf80000)
 Metaspace       used 6699K, capacity 7320K, committed 7680K, reserved 1056768K
  class space    used 628K, capacity 656K, committed 768K, reserved 1048576K
Event: 81.417 GC heap after
Heap after GC invocations=30 (full 7):
 PSYoungGen      total 530432K, used 15012K [0x000000076ab00000, 0x0000000797380000, 0x00000007c0000000)
  eden space 384512K, 0% used [0x000000076ab00000,0x000000076ab00000,0x0000000782280000)
  from space 145920K, 10% used [0x0000000782280000,0x0000000783129128,0x000000078b100000)
  to   space 153088K, 0% used [0x000000078de00000,0x000000078de00000,0x0000000797380000)
 ParOldGen       total 704000K, used 703595K [0x00000006c0000000, 0x00000006eaf80000, 0x000000076ab00000)
  object space 704000K, 99% used [0x00000006c0000000,0x00000006eaf1ae60,0x00000006eaf80000)
 Metaspace       used 6699K, capacity 7320K, committed 7680K, reserved 1056768K
  class space    used 628K, capacity 656K, committed 768K, reserved 1048576K
}
Event: 82.460 GC heap before
{Heap before GC invocations=31 (full 8):
 PSYoungGen      total 530432K, used 399524K [0x000000076ab00000, 0x0000000797380000, 0x00000007c0000000)
  eden space 384512K, 100% used [0x000000076ab00000,0x0000000782280000,0x0000000782280000)
  from space 145920K, 10% used [0x0000000782280000,0x0000000783129128,0x000000078b100000)
  to   space 153088K, 0% used [0x000000078de00000,0x000000078de00000,0x0000000797380000)
 ParOldGen       total 704000K, used 703595K [0x00000006c0000000, 0x00000006eaf80000, 0x000000076ab00000)
  object space 704000K, 99% used [0x00000006c0000000,0x00000006eaf1ae60,0x00000006eaf80000)
 Metaspace       used 6699K, capacity 7320K, committed 7680K, reserved 1056768K
  class space    used 628K, capacity 656K, committed 768K, reserved 1048576K
Event: 86.127 GC heap after
Heap after GC invocations=31 (full 8):
 PSYoungGen      total 530432K, used 2843K [0x000000076ab00000, 0x0000000797380000, 0x00000007c0000000)
  eden space 384512K, 0% used [0x000000076ab00000,0x000000076adc6d50,0x0000000782280000)
  from space 145920K, 0% used [0x0000000782280000,0x0000000782280000,0x000000078b100000)
  to   space 153088K, 0% used [0x000000078de00000,0x000000078de00000,0x0000000797380000)
 ParOldGen       total 704000K, used 703759K [0x00000006c0000000, 0x00000006eaf80000, 0x000000076ab00000)
  object space 704000K, 99% used [0x00000006c0000000,0x00000006eaf43e60,0x00000006eaf80000)
 Metaspace       used 6699K, capacity 7320K, committed 7680K, reserved 1056768K
  class space    used 628K, capacity 656K, committed 768K, reserved 1048576K
}
Event: 89.662 GC heap before
{Heap before GC invocations=32 (full 9):
 PSYoungGen      total 530432K, used 384512K [0x000000076ab00000, 0x0000000797380000, 0x00000007c0000000)
  eden space 384512K, 100% used [0x000000076ab00000,0x0000000782280000,0x0000000782280000)
  from space 145920K, 0% used [0x0000000782280000,0x0000000782280000,0x000000078b100000)
  to   space 153088K, 0% used [0x000000078de00000,0x000000078de00000,0x0000000797380000)
 ParOldGen       total 704000K, used 703759K [0x00000006c0000000, 0x00000006eaf80000, 0x000000076ab00000)
  object space 704000K, 99% used [0x00000006c0000000,0x00000006eaf43e60,0x00000006eaf80000)
 Metaspace       used 6700K, capacity 7320K, committed 7680K, reserved 1056768K
  class space    used 628K, capacity 656K, committed 768K, reserved 1048576K
Event: 91.793 GC heap after
Heap after GC invocations=32 (full 9):
 PSYoungGen      total 530432K, used 0K [0x000000076ab00000, 0x0000000797380000, 0x00000007c0000000)
  eden space 384512K, 0% used [0x000000076ab00000,0x000000076ab00000,0x0000000782280000)
  from space 145920K, 0% used [0x0000000782280000,0x0000000782280000,0x000000078b100000)
  to   space 153088K, 0% used [0x000000078de00000,0x000000078de00000,0x0000000797380000)
 ParOldGen       total 704000K, used 660891K [0x00000006c0000000, 0x00000006eaf80000, 0x000000076ab00000)
  object space 704000K, 93% used [0x00000006c0000000,0x00000006e8566e68,0x00000006eaf80000)
 Metaspace       used 6700K, capacity 7320K, committed 7680K, reserved 1056768K
  class space    used 628K, capacity 656K, committed 768K, reserved 1048576K
}
Event: 95.002 GC heap before
{Heap before GC invocations=33 (full 10):
 PSYoungGen      total 530432K, used 384512K [0x000000076ab00000, 0x0000000797380000, 0x00000007c0000000)
  eden space 384512K, 100% used [0x000000076ab00000,0x0000000782280000,0x0000000782280000)
  from space 145920K, 0% used [0x0000000782280000,0x0000000782280000,0x000000078b100000)
  to   space 153088K, 0% used [0x000000078de00000,0x000000078de00000,0x0000000797380000)
 ParOldGen       total 704000K, used 660891K [0x00000006c0000000, 0x00000006eaf80000, 0x000000076ab00000)
  object space 704000K, 93% used [0x00000006c0000000,0x00000006e8566e68,0x00000006eaf80000)
 Metaspace       used 6701K, capacity 7320K, committed 7680K, reserved 1056768K
  class space    used 628K, capacity 656K, committed 768K, reserved 1048576K
Event: 100.066 GC heap after
Heap after GC invocations=33 (full 10):
 PSYoungGen      total 530432K, used 12818K [0x000000076ab00000, 0x0000000797380000, 0x00000007c0000000)
  eden space 384512K, 3% used [0x000000076ab00000,0x000000076b784b90,0x0000000782280000)
  from space 145920K, 0% used [0x0000000782280000,0x0000000782280000,0x000000078b100000)
  to   space 153088K, 0% used [0x000000078de00000,0x000000078de00000,0x0000000797380000)
 ParOldGen       total 704000K, used 703897K [0x00000006c0000000, 0x00000006eaf80000, 0x000000076ab00000)
  object space 704000K, 99% used [0x00000006c0000000,0x00000006eaf664e8,0x00000006eaf80000)
 Metaspace       used 6701K, capacity 7320K, committed 7680K, reserved 1056768K
  class space    used 628K, capacity 656K, committed 768K, reserved 1048576K
}
Event: 103.966 GC heap before
{Heap before GC invocations=34 (full 11):
 PSYoungGen      total 530432K, used 384512K [0x000000076ab00000, 0x0000000797380000, 0x00000007c0000000)
  eden space 384512K, 100% used [0x000000076ab00000,0x0000000782280000,0x0000000782280000)
  from space 145920K, 0% used [0x0000000782280000,0x0000000782280000,0x000000078b100000)
  to   space 153088K, 0% used [0x000000078de00000,0x000000078de00000,0x0000000797380000)
 ParOldGen       total 704000K, used 703897K [0x00000006c0000000, 0x00000006eaf80000, 0x000000076ab00000)
  object space 704000K, 99% used [0x00000006c0000000,0x00000006eaf664e8,0x00000006eaf80000)
 Metaspace       used 6729K, capacity 7384K, committed 7680K, reserved 1056768K
  class space    used 631K, capacity 656K, committed 768K, reserved 1048576K
Event: 107.825 GC heap after
Heap after GC invocations=34 (full 11):
 PSYoungGen      total 530432K, used 72211K [0x000000076ab00000, 0x0000000797380000, 0x00000007c0000000)
  eden space 384512K, 18% used [0x000000076ab00000,0x000000076f184d80,0x0000000782280000)
  from space 145920K, 0% used [0x0000000782280000,0x0000000782280000,0x000000078b100000)
  to   space 153088K, 0% used [0x000000078de00000,0x000000078de00000,0x0000000797380000)
 ParOldGen       total 704000K, used 703531K [0x00000006c0000000, 0x00000006eaf80000, 0x000000076ab00000)
  object space 704000K, 99% used [0x00000006c0000000,0x00000006eaf0ac50,0x00000006eaf80000)
 Metaspace       used 6729K, capacity 7384K, committed 7680K, reserved 1056768K
  class space    used 631K, capacity 656K, committed 768K, reserved 1048576K
}

