# JRE version: Java(TM) SE Runtime Environment (8.0_91-b15) (build 1.8.0_91-b15)
# Java VM: Java HotSpot(TM) 64-Bit Server VM (25.91-b15 mixed mode windows-amd64 compressed oops)
Heap:
 PSYoungGen      total 237568K, used 206039K [0x000000076ab00000, 0x0000000784d00000, 0x00000007c0000000)
  eden space 104960K, 80% used [0x000000076ab00000,0x000000076fd69b70,0x0000000771180000)
  from space 132608K, 91% used [0x000000077a500000,0x0000000781bcc098,0x0000000782680000)
  to   space 151040K, 0% used [0x0000000771180000,0x0000000771180000,0x000000077a500000)
 ParOldGen       total 204288K, used 116443K [0x00000006c0000000, 0x00000006cc780000, 0x000000076ab00000)
  object space 204288K, 56% used [0x00000006c0000000,0x00000006c71b6e08,0x00000006cc780000)
 Metaspace       used 6497K, capacity 7256K, committed 7424K, reserved 1056768K
  class space    used 623K, capacity 656K, committed 768K, reserved 1048576K
GC Heap History (10 events):
Event: 26.009 GC heap before
{Heap before GC invocations=15 (full 3):
 PSYoungGen      total 165376K, used 71671K [0x000000076ab00000, 0x000000077dc80000, 0x00000007c0000000)
  eden space 93696K, 0% used [0x000000076ab00000,0x000000076ab00000,0x0000000770680000)
  from space 71680K, 99% used [0x0000000776500000,0x000000077aafdc40,0x000000077ab00000)
  to   space 96768K, 0% used [0x0000000770680000,0x0000000770680000,0x0000000776500000)
 ParOldGen       total 187392K, used 154435K [0x00000006c0000000, 0x00000006cb700000, 0x000000076ab00000)
  object space 187392K, 82% used [0x00000006c0000000,0x00000006c96d0d08,0x00000006cb700000)
 Metaspace       used 6439K, capacity 7192K, committed 7424K, reserved 1056768K
  class space    used 623K, capacity 656K, committed 768K, reserved 1048576K
Event: 29.744 GC heap after
Heap after GC invocations=15 (full 3):
 PSYoungGen      total 165376K, used 0K [0x000000076ab00000, 0x000000077dc80000, 0x00000007c0000000)
  eden space 93696K, 0% used [0x000000076ab00000,0x000000076ab00000,0x0000000770680000)
  from space 71680K, 0% used [0x0000000776500000,0x0000000776500000,0x000000077ab00000)
  to   space 96768K, 0% used [0x0000000770680000,0x0000000770680000,0x0000000776500000)
 ParOldGen       total 204288K, used 100213K [0x00000006c0000000, 0x00000006cc780000, 0x000000076ab00000)
  object space 204288K, 49% used [0x00000006c0000000,0x00000006c61dd4e8,0x00000006cc780000)
 Metaspace       used 6439K, capacity 7192K, committed 7424K, reserved 1056768K
  class space    used 623K, capacity 656K, committed 768K, reserved 1048576K
}
Event: 31.462 GC heap before
{Heap before GC invocations=16 (full 3):
 PSYoungGen      total 165376K, used 93696K [0x000000076ab00000, 0x000000077dc80000, 0x00000007c0000000)
  eden space 93696K, 100% used [0x000000076ab00000,0x0000000770680000,0x0000000770680000)
  from space 71680K, 0% used [0x0000000776500000,0x0000000776500000,0x000000077ab00000)
  to   space 96768K, 0% used [0x0000000770680000,0x0000000770680000,0x0000000776500000)
 ParOldGen       total 204288K, used 100213K [0x00000006c0000000, 0x00000006cc780000, 0x000000076ab00000)
  object space 204288K, 49% used [0x00000006c0000000,0x00000006c61dd4e8,0x00000006cc780000)
 Metaspace       used 6476K, capacity 7192K, committed 7424K, reserved 1056768K
  class space    used 623K, capacity 656K, committed 768K, reserved 1048576K
Event: 31.774 GC heap after
Heap after GC invocations=16 (full 3):
 PSYoungGen      total 190464K, used 49696K [0x000000076ab00000, 0x000000077d280000, 0x00000007c0000000)
  eden space 93696K, 0% used [0x000000076ab00000,0x000000076ab00000,0x0000000770680000)
  from space 96768K, 51% used [0x0000000770680000,0x0000000773708280,0x0000000776500000)
  to   space 96256K, 0% used [0x0000000777480000,0x0000000777480000,0x000000077d280000)
 ParOldGen       total 204288K, used 100213K [0x00000006c0000000, 0x00000006cc780000, 0x000000076ab00000)
  object space 204288K, 49% used [0x00000006c0000000,0x00000006c61dd4e8,0x00000006cc780000)
 Metaspace       used 6476K, capacity 7192K, committed 7424K, reserved 1056768K
  class space    used 623K, capacity 656K, committed 768K, reserved 1048576K
}
Event: 32.449 GC heap before
{Heap before GC invocations=17 (full 3):
 PSYoungGen      total 190464K, used 143392K [0x000000076ab00000, 0x000000077d280000, 0x00000007c0000000)
  eden space 93696K, 100% used [0x000000076ab00000,0x0000000770680000,0x0000000770680000)
  from space 96768K, 51% used [0x0000000770680000,0x0000000773708280,0x0000000776500000)
  to   space 96256K, 0% used [0x0000000777480000,0x0000000777480000,0x000000077d280000)
 ParOldGen       total 204288K, used 100213K [0x00000006c0000000, 0x00000006cc780000, 0x000000076ab00000)
  object space 204288K, 49% used [0x00000006c0000000,0x00000006c61dd4e8,0x00000006cc780000)
 Metaspace       used 6480K, capacity 7192K, committed 7424K, reserved 1056768K
  class space    used 623K, capacity 656K, committed 768K, reserved 1048576K
Event: 33.123 GC heap after
Heap after GC invocations=17 (full 3):
 PSYoungGen      total 194048K, used 84951K [0x000000076ab00000, 0x000000077ef80000, 0x00000007c0000000)
  eden space 97792K, 0% used [0x000000076ab00000,0x000000076ab00000,0x0000000770a80000)
  from space 96256K, 88% used [0x0000000777480000,0x000000077c775c00,0x000000077d280000)
  to   space 108544K, 0% used [0x0000000770a80000,0x0000000770a80000,0x0000000777480000)
 ParOldGen       total 204288K, used 100221K [0x00000006c0000000, 0x00000006cc780000, 0x000000076ab00000)
  object space 204288K, 49% used [0x00000006c0000000,0x00000006c61df4e8,0x00000006cc780000)
 Metaspace       used 6480K, capacity 7192K, committed 7424K, reserved 1056768K
  class space    used 623K, capacity 656K, committed 768K, reserved 1048576K
}
Event: 35.385 GC heap before
{Heap before GC invocations=18 (full 3):
 PSYoungGen      total 194048K, used 182743K [0x000000076ab00000, 0x000000077ef80000, 0x00000007c0000000)
  eden space 97792K, 100% used [0x000000076ab00000,0x0000000770a80000,0x0000000770a80000)
  from space 96256K, 88% used [0x0000000777480000,0x000000077c775c00,0x000000077d280000)
  to   space 108544K, 0% used [0x0000000770a80000,0x0000000770a80000,0x0000000777480000)
 ParOldGen       total 204288K, used 100221K [0x00000006c0000000, 0x00000006cc780000, 0x000000076ab00000)
  object space 204288K, 49% used [0x00000006c0000000,0x00000006c61df4e8,0x00000006cc780000)
 Metaspace       used 6484K, capacity 7192K, committed 7424K, reserved 1056768K
  class space    used 623K, capacity 656K, committed 768K, reserved 1048576K
Event: 37.732 GC heap after
Heap after GC invocations=18 (full 3):
 PSYoungGen      total 206336K, used 108535K [0x000000076ab00000, 0x0000000782680000, 0x00000007c0000000)
  eden space 97792K, 0% used [0x000000076ab00000,0x000000076ab00000,0x0000000770a80000)
  from space 108544K, 99% used [0x0000000770a80000,0x000000077747dfb0,0x0000000777480000)
  to   space 132608K, 0% used [0x000000077a500000,0x000000077a500000,0x0000000782680000)
 ParOldGen       total 204288K, used 116435K [0x00000006c0000000, 0x00000006cc780000, 0x000000076ab00000)
  object space 204288K, 56% used [0x00000006c0000000,0x00000006c71b4e08,0x00000006cc780000)
 Metaspace       used 6484K, capacity 7192K, committed 7424K, reserved 1056768K
  class space    used 623K, capacity 656K, committed 768K, reserved 1048576K
}
Event: 40.719 GC heap before
{Heap before GC invocations=19 (full 3):
 PSYoungGen      total 206336K, used 206327K [0x000000076ab00000, 0x0000000782680000, 0x00000007c0000000)
  eden space 97792K, 100% used [0x000000076ab00000,0x0000000770a80000,0x0000000770a80000)
  from space 108544K, 99% used [0x0000000770a80000,0x000000077747dfb0,0x0000000777480000)
  to   space 132608K, 0% used [0x000000077a500000,0x000000077a500000,0x0000000782680000)
 ParOldGen       total 204288K, used 116435K [0x00000006c0000000, 0x00000006cc780000, 0x000000076ab00000)
  object space 204288K, 56% used [0x00000006c0000000,0x00000006c71b4e08,0x00000006cc780000)
 Metaspace       used 6491K, capacity 7192K, committed 7424K, reserved 1056768K
  class space    used 623K, capacity 656K, committed 768K, reserved 1048576K
Event: 44.550 GC heap after
Heap after GC invocations=19 (full 3):
 PSYoungGen      total 237568K, used 121648K [0x000000076ab00000, 0x0000000784d00000, 0x00000007c0000000)
  eden space 104960K, 0% used [0x000000076ab00000,0x000000076ab00000,0x0000000771180000)
  from space 132608K, 91% used [0x000000077a500000,0x0000000781bcc098,0x0000000782680000)
  to   space 151040K, 0% used [0x0000000771180000,0x0000000771180000,0x000000077a500000)
 ParOldGen       total 204288K, used 116443K [0x00000006c0000000, 0x00000006cc780000, 0x000000076ab00000)
  object space 204288K, 56% used [0x00000006c0000000,0x00000006c71b6e08,0x00000006cc780000)
 Metaspace       used 6491K, capacity 7192K, committed 7424K, reserved 1056768K
  class space    used 623K, capacity 656K, committed 768K, reserved 1048576K
}

